<?xml version="1.0" encoding="UTF-8"?>
<testsuite xmlns:xsi="http://www.w3.org/2001/XMLSchema-instance" xsi:noNamespaceSchemaLocation="https://maven.apache.org/surefire/maven-surefire-plugin/xsd/surefire-test-report.xsd" name="com.baeldung.avltree.AVLTree_ESTest" time="0.124" tests="34" errors="2" skipped="0" failures="0">
  <properties>
[...]
</properties>
  <testcase name="test12" classname="com.baeldung.avltree.AVLTree_ESTest" time="0.002"/>
  <testcase name="test11" classname="com.baeldung.avltree.AVLTree_ESTest" time="0.004"/>
  <testcase name="test33" classname="com.baeldung.avltree.AVLTree_ESTest" time="0.002"/>
  <testcase name="test10" classname="com.baeldung.avltree.AVLTree_ESTest" time="0.001"/>
  <testcase name="test32" classname="com.baeldung.avltree.AVLTree_ESTest" time="0.001"/>
  <testcase name="test31" classname="com.baeldung.avltree.AVLTree_ESTest" time="0.003"/>
  <testcase name="test16" classname="com.baeldung.avltree.AVLTree_ESTest" time="0.002"/>
  <testcase name="test15" classname="com.baeldung.avltree.AVLTree_ESTest" time="0.002"/>
  <testcase name="test14" classname="com.baeldung.avltree.AVLTree_ESTest" time="0.014">
    <error type="java.lang.StackOverflowError">java.lang.StackOverflowError
</error>
  </testcase>
  <testcase name="test13" classname="com.baeldung.avltree.AVLTree_ESTest" time="0.002"/>
  <testcase name="test19" classname="com.baeldung.avltree.AVLTree_ESTest" time="0.002"/>
  <testcase name="test18" classname="com.baeldung.avltree.AVLTree_ESTest" time="0.002"/>
  <testcase name="test17" classname="com.baeldung.avltree.AVLTree_ESTest" time="0.002"/>
  <testcase name="test30" classname="com.baeldung.avltree.AVLTree_ESTest" time="0.002"/>
  <testcase name="test01" classname="com.baeldung.avltree.AVLTree_ESTest" time="0.002"/>
  <testcase name="test23" classname="com.baeldung.avltree.AVLTree_ESTest" time="0.004"/>
  <testcase name="test00" classname="com.baeldung.avltree.AVLTree_ESTest" time="0.001"/>
  <testcase name="test22" classname="com.baeldung.avltree.AVLTree_ESTest" time="0.002"/>
  <testcase name="test21" classname="com.baeldung.avltree.AVLTree_ESTest" time="0.001"/>
  <testcase name="test20" classname="com.baeldung.avltree.AVLTree_ESTest" time="0.002"/>
  <testcase name="test05" classname="com.baeldung.avltree.AVLTree_ESTest" time="0.001"/>
  <testcase name="test27" classname="com.baeldung.avltree.AVLTree_ESTest" time="0.002"/>
  <testcase name="test04" classname="com.baeldung.avltree.AVLTree_ESTest" time="0.001"/>
  <testcase name="test26" classname="com.baeldung.avltree.AVLTree_ESTest" time="0.002"/>
  <testcase name="test03" classname="com.baeldung.avltree.AVLTree_ESTest" time="0.002"/>
  <testcase name="test25" classname="com.baeldung.avltree.AVLTree_ESTest" time="0.001"/>
  <testcase name="test02" classname="com.baeldung.avltree.AVLTree_ESTest" time="0.005"/>
  <testcase name="test24" classname="com.baeldung.avltree.AVLTree_ESTest" time="0.002"/>
  <testcase name="test09" classname="com.baeldung.avltree.AVLTree_ESTest" time="0.002"/>
  <testcase name="test08" classname="com.baeldung.avltree.AVLTree_ESTest" time="0.001"/>
  <testcase name="test07" classname="com.baeldung.avltree.AVLTree_ESTest" time="0.002"/>
  <testcase name="test29" classname="com.baeldung.avltree.AVLTree_ESTest" time="0.002"/>
  <testcase name="test06" classname="com.baeldung.avltree.AVLTree_ESTest" time="0.006">
    <error type="java.lang.StackOverflowError">java.lang.StackOverflowError
</error>
  </testcase>
  <testcase name="test28" classname="com.baeldung.avltree.AVLTree_ESTest" time="0.001"/>
</testsuite>